<?xml version="1.0" encoding="UTF-8"?>
<!-- Generated by org.testng.reporters.JUnitReportReporter -->
<testsuite hostname="DESKTOP-65AT08N" failures="0" tests="1" name="runners.TestRunner" time="8.949" errors="0" timestamp="2025-08-26T18:59:50 IST" skipped="0">
  <testcase classname="runners.TestRunner" name="runScenario" time="8.949"/>
</testsuite> <!-- runners.TestRunner -->
